2024-10-29 17:05:22,371 - ERROR - Error in main execution: name 'StatArbSystem' is not defined
2024-10-29 17:05:51,763 - ERROR - Error in main execution: name 'StatArbSystem' is not defined
2024-10-29 17:09:05,065 - INFO - Statistical Arbitrage System initialized with configuration: TradeConfig(lookback_period=126, z_threshold=2.5, stop_loss=0.03, take_profit=0.06, transaction_cost=0.001, min_profit_target=0.02, min_correlation=0.4, vol_threshold=1.5, initial_capital=100000)
2024-10-29 17:09:05,065 - INFO - Starting analysis for 5 tickers from 2020-01-01 to 2023-12-31
2024-10-29 17:09:05,532 - INFO - Successfully downloaded data for META
2024-10-29 17:09:05,610 - INFO - Successfully downloaded data for AMZN
2024-10-29 17:09:05,617 - INFO - Successfully downloaded data for GOOGL
2024-10-29 17:09:05,625 - INFO - Successfully downloaded data for MSFT
2024-10-29 17:09:05,626 - INFO - Successfully downloaded data for AAPL
2024-10-29 17:09:05,629 - INFO - Successfully processed data for 5 tickers
2024-10-29 17:09:05,629 - INFO - Analyzing 10 potential pairs for cointegration
2024-10-29 17:09:06,184 - INFO - Progress: 5/10 pairs analyzed
2024-10-29 17:09:07,255 - INFO - Progress: 10/10 pairs analyzed
2024-10-29 17:09:07,518 - INFO - Found 0 cointegrated pairs out of 10 analyzed
2024-10-29 17:09:07,518 - INFO - No cointegrated pairs found
2024-10-29 17:20:27,017 - INFO - Statistical Arbitrage System initialized with configuration: TradeConfig(lookback_period=126, z_threshold=2.5, stop_loss=0.03, take_profit=0.06, transaction_cost=0.001, min_profit_target=0.02, min_correlation=0.4, vol_threshold=1.5, initial_capital=100000)
2024-10-29 17:20:27,017 - INFO - Starting analysis for 5 tickers from 2020-01-01 to 2023-12-31
2024-10-29 17:20:27,512 - INFO - Successfully downloaded data for META
2024-10-29 17:20:27,513 - INFO - Successfully downloaded data for GOOGL
2024-10-29 17:20:27,573 - INFO - Successfully downloaded data for JPM
2024-10-29 17:20:27,595 - INFO - Successfully downloaded data for AAPL
2024-10-29 17:20:27,595 - INFO - Successfully downloaded data for GS
2024-10-29 17:20:27,597 - INFO - Successfully processed data for 5 tickers
2024-10-29 17:20:27,597 - INFO - Analyzing 10 potential pairs for cointegration
2024-10-29 17:20:28,675 - INFO - Progress: 5/10 pairs analyzed
2024-10-29 17:20:29,732 - INFO - Progress: 10/10 pairs analyzed
2024-10-29 17:20:29,732 - INFO - Found 0 cointegrated pairs out of 10 analyzed
2024-10-29 17:20:29,732 - INFO - No cointegrated pairs found
2024-10-29 17:22:20,939 - INFO - Statistical Arbitrage System initialized with configuration: TradeConfig(lookback_period=126, z_threshold=2.5, stop_loss=0.03, take_profit=0.06, transaction_cost=0.001, min_profit_target=0.02, min_correlation=0.4, vol_threshold=1.5, initial_capital=100000)
2024-10-29 17:22:20,940 - INFO - Starting analysis for 5 tickers from 2020-01-01 to 2023-12-31
2024-10-29 17:22:21,466 - INFO - Successfully downloaded data for JPM
2024-10-29 17:22:21,466 - INFO - Successfully downloaded data for WMT
2024-10-29 17:22:21,475 - INFO - Successfully downloaded data for BAC
2024-10-29 17:22:21,540 - INFO - Successfully downloaded data for QQQ
2024-10-29 17:22:21,542 - INFO - Successfully downloaded data for SPY
2024-10-29 17:22:21,546 - INFO - Successfully processed data for 5 tickers
2024-10-29 17:22:21,546 - INFO - Analyzing 10 potential pairs for cointegration
2024-10-29 17:22:22,675 - INFO - Progress: 5/10 pairs analyzed
2024-10-29 17:22:23,249 - INFO - Found cointegrated pair: QQQ-JPM (p-value: 0.0191)
2024-10-29 17:22:23,792 - INFO - Progress: 10/10 pairs analyzed
2024-10-29 17:22:24,058 - INFO - Found 1 cointegrated pairs out of 10 analyzed
2024-10-29 17:22:24,058 - INFO - Backtesting pair: QQQ-JPM
2024-10-29 17:22:24,322 - ERROR - Error in backtesting: 'StatArbSystem' object has no attribute '_calculate_sortino_ratio'
2024-10-29 17:22:24,322 - WARNING - No results generated for QQQ-JPM
2024-10-29 17:25:20,568 - INFO - Statistical Arbitrage System initialized with configuration: TradeConfig(lookback_period=126, z_threshold=2.5, stop_loss=0.03, take_profit=0.06, transaction_cost=0.001, min_profit_target=0.02, min_correlation=0.4, vol_threshold=1.5, initial_capital=100000)
2024-10-29 17:25:20,568 - INFO - Starting analysis for 5 tickers from 2020-01-01 to 2023-12-31
2024-10-29 17:25:21,162 - INFO - Successfully downloaded data for QQQ
2024-10-29 17:25:21,196 - INFO - Successfully downloaded data for SPY
2024-10-29 17:25:21,201 - INFO - Successfully downloaded data for JPM
2024-10-29 17:25:21,206 - INFO - Successfully downloaded data for WMT
2024-10-29 17:25:21,207 - INFO - Successfully downloaded data for BAC
2024-10-29 17:25:21,209 - INFO - Successfully processed data for 5 tickers
2024-10-29 17:25:21,209 - INFO - Analyzing 10 potential pairs for cointegration
2024-10-29 17:25:22,336 - INFO - Progress: 5/10 pairs analyzed
2024-10-29 17:25:22,897 - INFO - Found cointegrated pair: QQQ-JPM (p-value: 0.0191)
2024-10-29 17:25:23,453 - INFO - Progress: 10/10 pairs analyzed
2024-10-29 17:25:23,724 - INFO - Found 1 cointegrated pairs out of 10 analyzed
2024-10-29 17:25:23,724 - INFO - Backtesting pair: QQQ-JPM
2024-10-29 17:25:23,989 - ERROR - Error in backtesting: 'StatArbSystem' object has no attribute '_calculate_sortino_ratio'
2024-10-29 17:25:23,989 - WARNING - No results generated for QQQ-JPM
2024-10-29 17:32:14,986 - INFO - Statistical Arbitrage System initialized with configuration: TradeConfig(lookback_period=126, z_threshold=2.5, stop_loss=0.03, take_profit=0.06, transaction_cost=0.001, min_profit_target=0.02, min_correlation=0.4, vol_threshold=1.5, initial_capital=100000)
2024-10-29 17:32:14,987 - INFO - Starting analysis for 5 tickers from 2020-01-01 to 2023-12-31
2024-10-29 17:32:15,657 - INFO - Successfully downloaded data for SPY
2024-10-29 17:32:15,659 - INFO - Successfully downloaded data for QQQ
2024-10-29 17:32:15,661 - INFO - Successfully downloaded data for JPM
2024-10-29 17:32:15,662 - INFO - Successfully downloaded data for BAC
2024-10-29 17:32:15,662 - INFO - Successfully downloaded data for WMT
2024-10-29 17:32:15,664 - INFO - Successfully processed data for 5 tickers
2024-10-29 17:32:15,665 - INFO - Analyzing 10 potential pairs for cointegration
2024-10-29 17:32:16,757 - INFO - Progress: 5/10 pairs analyzed
2024-10-29 17:32:17,304 - INFO - Found cointegrated pair: QQQ-JPM (p-value: 0.0191)
2024-10-29 17:32:17,847 - INFO - Progress: 10/10 pairs analyzed
2024-10-29 17:32:18,134 - INFO - Found 1 cointegrated pairs out of 10 analyzed
2024-10-29 17:32:18,134 - INFO - Backtesting pair: QQQ-JPM
2024-10-29 17:32:18,395 - ERROR - Error calculating performance metrics: 'StatArbSystem' object has no attribute '_calculate_profit_factor'
2024-10-29 17:32:18,396 - WARNING - No results generated for QQQ-JPM
2024-10-29 17:38:38,949 - INFO - Statistical Arbitrage System initialized with configuration: TradeConfig(lookback_period=126, z_threshold=2.5, stop_loss=0.03, take_profit=0.06, transaction_cost=0.001, min_profit_target=0.02, min_correlation=0.4, vol_threshold=1.5, initial_capital=100000)
2024-10-29 17:38:38,949 - INFO - Starting analysis for 5 tickers from 2020-01-01 to 2023-12-31
2024-10-29 17:38:39,587 - INFO - Successfully downloaded data for JPM
2024-10-29 17:38:39,602 - INFO - Successfully downloaded data for BAC
2024-10-29 17:38:39,605 - INFO - Successfully downloaded data for WMT
2024-10-29 17:38:39,607 - INFO - Successfully downloaded data for QQQ
2024-10-29 17:38:39,607 - INFO - Successfully downloaded data for SPY
2024-10-29 17:38:39,609 - INFO - Successfully processed data for 5 tickers
2024-10-29 17:38:39,609 - ERROR - Error in main execution: 'StatArbSystem' object has no attribute 'find_cointegrated_pairs'
